TN:
SF:src/@types/geolocation.d.ts
FNF:0
FNH:0
LF:0
LH:0
BRF:0
BRH:0
end_of_record
TN:
SF:src/@types/index.d.ts
FNF:0
FNH:0
LF:0
LH:0
BRF:0
BRH:0
end_of_record
TN:
SF:src/@types/location.d.ts
FNF:0
FNH:0
LF:0
LH:0
BRF:0
BRH:0
end_of_record
TN:
SF:src/@types/login.d.ts
FNF:0
FNH:0
LF:0
LH:0
BRF:0
BRH:0
end_of_record
TN:
SF:src/@types/routes.d.ts
FNF:0
FNH:0
LF:0
LH:0
BRF:0
BRH:0
end_of_record
TN:
SF:src/@types/user.d.ts
FNF:0
FNH:0
LF:0
LH:0
BRF:0
BRH:0
end_of_record
TN:
SF:src/components/atoms/ArrowButton/arrow-button.props.ts
FNF:0
FNH:0
LF:0
LH:0
BRF:0
BRH:0
end_of_record
TN:
SF:src/components/atoms/ArrowButton/arrow-button.styles.ts
FN:14,(anonymous_0)
FN:19,(anonymous_1)
FNF:2
FNH:2
FNDA:9,(anonymous_0)
FNDA:9,(anonymous_1)
DA:5,2
DA:14,9
DA:17,2
DA:19,9
LF:4
LH:4
BRF:0
BRH:0
end_of_record
TN:
SF:src/components/atoms/ArrowButton/arrow-button.tsx
FN:5,(anonymous_0)
FNF:1
FNH:1
FNDA:9,(anonymous_0)
DA:5,2
DA:6,9
LF:2
LH:2
BRF:0
BRH:0
end_of_record
TN:
SF:src/components/atoms/ArrowButton/index.ts
FNF:0
FNH:0
LF:0
LH:0
BRF:0
BRH:0
end_of_record
TN:
SF:src/components/atoms/BackButton/back-button.props.ts
FNF:0
FNH:0
LF:0
LH:0
BRF:0
BRH:0
end_of_record
TN:
SF:src/components/atoms/BackButton/back-button.styles.ts
FN:14,(anonymous_0)
FN:20,(anonymous_1)
FNF:2
FNH:2
FNDA:12,(anonymous_0)
FNDA:12,(anonymous_1)
DA:6,3
DA:14,12
DA:17,3
DA:20,12
LF:4
LH:4
BRF:0
BRH:0
end_of_record
TN:
SF:src/components/atoms/BackButton/back-button.tsx
FN:5,(anonymous_0)
FNF:1
FNH:1
FNDA:12,(anonymous_0)
DA:5,3
DA:6,12
LF:2
LH:2
BRF:0
BRH:0
end_of_record
TN:
SF:src/components/atoms/BackButton/index.ts
FNF:0
FNH:0
LF:0
LH:0
BRF:0
BRH:0
end_of_record
TN:
SF:src/components/atoms/Button/button.props.ts
FNF:0
FNH:0
LF:0
LH:0
BRF:0
BRH:0
end_of_record
TN:
SF:src/components/atoms/Button/button.styles.ts
FN:12,(anonymous_0)
FN:19,(anonymous_1)
FNF:2
FNH:2
FNDA:11,(anonymous_0)
FNDA:11,(anonymous_1)
DA:5,2
DA:12,11
DA:18,2
DA:19,11
LF:4
LH:4
BRF:0
BRH:0
end_of_record
TN:
SF:src/components/atoms/Button/button.tsx
FN:6,(anonymous_0)
FNF:1
FNH:1
FNDA:11,(anonymous_0)
DA:6,2
DA:7,11
LF:2
LH:2
BRF:0
BRH:0
end_of_record
TN:
SF:src/components/atoms/Button/index.ts
FNF:0
FNH:0
LF:0
LH:0
BRF:0
BRH:0
end_of_record
TN:
SF:src/components/atoms/CartImage/cart-image.props.ts
FNF:0
FNH:0
LF:0
LH:0
BRF:0
BRH:0
end_of_record
TN:
SF:src/components/atoms/CartImage/cart-image.styles.ts
FNF:0
FNH:0
DA:5,4
LF:1
LH:1
BRF:0
BRH:0
end_of_record
TN:
SF:src/components/atoms/CartImage/cart-image.tsx
FN:6,(anonymous_0)
FN:9,handleSetDefaultImage
FNF:2
FNH:1
FNDA:37,(anonymous_0)
FNDA:0,handleSetDefaultImage
DA:6,4
DA:7,37
DA:10,0
DA:13,37
LF:4
LH:3
BRDA:17,0,0,0
BRDA:17,0,1,37
BRF:2
BRH:1
end_of_record
TN:
SF:src/components/atoms/FavoriteButton/favorite-button.props.ts
FNF:0
FNH:0
LF:0
LH:0
BRF:0
BRH:0
end_of_record
TN:
SF:src/components/atoms/FavoriteButton/favorite-button.styles.ts
FN:14,(anonymous_0)
FN:18,(anonymous_1)
FNF:2
FNH:2
FNDA:12,(anonymous_0)
FNDA:12,(anonymous_1)
DA:6,3
DA:14,12
DA:17,3
DA:18,12
LF:4
LH:4
BRF:0
BRH:0
end_of_record
TN:
SF:src/components/atoms/FavoriteButton/favorite-button.tsx
FN:5,(anonymous_0)
FNF:1
FNH:1
FNDA:12,(anonymous_0)
DA:5,3
DA:6,12
LF:2
LH:2
BRF:0
BRH:0
end_of_record
TN:
SF:src/components/atoms/FavoriteButton/index.ts
FNF:0
FNH:0
LF:0
LH:0
BRF:0
BRH:0
end_of_record
TN:
SF:src/components/atoms/ImageBackground/image-background.props.ts
FNF:0
FNH:0
LF:0
LH:0
BRF:0
BRH:0
end_of_record
TN:
SF:src/components/atoms/ImageBackground/image-background.styles.ts
FNF:0
FNH:0
DA:3,3
LF:1
LH:1
BRF:0
BRH:0
end_of_record
TN:
SF:src/components/atoms/ImageBackground/image-background.tsx
FN:7,(anonymous_0)
FNF:1
FNH:1
FNDA:14,(anonymous_0)
DA:7,3
DA:8,14
LF:2
LH:2
BRF:0
BRH:0
end_of_record
TN:
SF:src/components/atoms/ImageBackground/index.ts
FNF:0
FNH:0
LF:0
LH:0
BRF:0
BRH:0
end_of_record
TN:
SF:src/components/atoms/Loading/index.ts
FNF:0
FNH:0
LF:0
LH:0
BRF:0
BRH:0
end_of_record
TN:
SF:src/components/atoms/Loading/loading.props.ts
FNF:0
FNH:0
LF:0
LH:0
BRF:0
BRH:0
end_of_record
TN:
SF:src/components/atoms/Loading/loading.styles.ts
FNF:0
FNH:0
DA:3,1
DA:16,1
LF:2
LH:2
BRF:0
BRH:0
end_of_record
TN:
SF:src/components/atoms/Loading/loading.tsx
FN:4,(anonymous_0)
FNF:1
FNH:1
FNDA:2,(anonymous_0)
DA:4,1
DA:5,2
LF:2
LH:2
BRF:0
BRH:0
end_of_record
TN:
SF:src/components/atoms/PrimaryButton/index.ts
FNF:0
FNH:0
LF:0
LH:0
BRF:0
BRH:0
end_of_record
TN:
SF:src/components/atoms/PrimaryButton/primary-button.props.ts
FNF:0
FNH:0
LF:0
LH:0
BRF:0
BRH:0
end_of_record
TN:
SF:src/components/atoms/PrimaryButton/primary-button.styles.ts
FN:14,(anonymous_0)
FN:19,(anonymous_1)
FNF:2
FNH:2
FNDA:116,(anonymous_0)
FNDA:116,(anonymous_1)
DA:6,5
DA:14,116
DA:17,5
DA:19,116
LF:4
LH:4
BRDA:14,0,0,116
BRDA:14,0,1,82
BRF:2
BRH:2
end_of_record
TN:
SF:src/components/atoms/PrimaryButton/primary-button.tsx
FN:5,(anonymous_0)
FNF:1
FNH:1
FNDA:116,(anonymous_0)
DA:5,5
DA:10,116
LF:2
LH:2
BRF:0
BRH:0
end_of_record
TN:
SF:src/components/atoms/Text/index.ts
FNF:0
FNH:0
LF:0
LH:0
BRF:0
BRH:0
end_of_record
TN:
SF:src/components/atoms/Text/text.props.ts
FNF:0
FNH:0
LF:0
LH:0
BRF:0
BRH:0
end_of_record
TN:
SF:src/components/atoms/Text/text.styles.ts
FN:7,(anonymous_0)
FN:9,(anonymous_1)
FNF:2
FNH:2
FNDA:279,(anonymous_0)
FNDA:279,(anonymous_1)
DA:5,16
DA:8,279
DA:9,279
LF:3
LH:3
BRDA:8,0,0,279
BRDA:8,0,1,117
BRF:2
BRH:2
end_of_record
TN:
SF:src/components/atoms/Text/text.tsx
FN:5,(anonymous_0)
FNF:1
FNH:1
FNDA:279,(anonymous_0)
DA:5,16
DA:6,279
LF:2
LH:2
BRF:0
BRH:0
end_of_record
TN:
SF:src/components/atoms/TextButton/index.ts
FNF:0
FNH:0
LF:0
LH:0
BRF:0
BRH:0
end_of_record
TN:
SF:src/components/atoms/TextButton/text-button.props.ts
FNF:0
FNH:0
LF:0
LH:0
BRF:0
BRH:0
end_of_record
TN:
SF:src/components/atoms/TextButton/text-button.styles.ts
FNF:0
FNH:0
DA:5,4
DA:7,4
LF:2
LH:2
BRF:0
BRH:0
end_of_record
TN:
SF:src/components/atoms/TextButton/text-button.tsx
FN:5,(anonymous_0)
FNF:1
FNH:1
FNDA:8,(anonymous_0)
DA:5,4
DA:10,8
LF:2
LH:2
BRF:0
BRH:0
end_of_record
TN:
SF:src/components/molecules/AddressCard/address-card.props.ts
FNF:0
FNH:0
LF:0
LH:0
BRF:0
BRH:0
end_of_record
TN:
SF:src/components/molecules/AddressCard/address-card.styles.ts
FN:11,(anonymous_0)
FNF:1
FNH:1
FNDA:5,(anonymous_0)
DA:5,1
DA:11,5
DA:14,1
DA:21,1
DA:25,1
DA:29,1
LF:6
LH:6
BRF:0
BRH:0
end_of_record
TN:
SF:src/components/molecules/AddressCard/address-card.tsx
FN:11,(anonymous_0)
FNF:1
FNH:1
FNDA:5,(anonymous_0)
DA:11,1
DA:18,5
LF:2
LH:2
BRDA:22,0,0,5
BRDA:22,0,1,5
BRDA:24,1,0,5
BRDA:24,1,1,5
BRDA:26,2,0,5
BRDA:26,2,1,5
BRF:6
BRH:6
end_of_record
TN:
SF:src/components/molecules/AddressCard/index.ts
FNF:0
FNH:0
LF:0
LH:0
BRF:0
BRH:0
end_of_record
TN:
SF:src/components/molecules/BackFavoriteHeader/back-favorite-header.props.ts
FNF:0
FNH:0
LF:0
LH:0
BRF:0
BRH:0
end_of_record
TN:
SF:src/components/molecules/BackFavoriteHeader/back-favorite-header.styles.ts
FNF:0
FNH:0
DA:4,2
LF:1
LH:1
BRF:0
BRH:0
end_of_record
TN:
SF:src/components/molecules/BackFavoriteHeader/back-favorite-header.tsx
FN:6,(anonymous_0)
FNF:1
FNH:1
FNDA:8,(anonymous_0)
DA:6,2
DA:10,8
LF:2
LH:2
BRF:0
BRH:0
end_of_record
TN:
SF:src/components/molecules/BackFavoriteHeader/index.ts
FNF:0
FNH:0
LF:0
LH:0
BRF:0
BRH:0
end_of_record
TN:
SF:src/components/molecules/BuyFoodCard/buy-food-card.props.ts
FNF:0
FNH:0
LF:0
LH:0
BRF:0
BRH:0
end_of_record
TN:
SF:src/components/molecules/BuyFoodCard/buy-food-card.styles.ts
FN:56,(anonymous_0)
FN:67,(anonymous_1)
FN:73,(anonymous_2)
FNF:3
FNH:3
FNDA:11,(anonymous_0)
FNDA:11,(anonymous_1)
FNDA:11,(anonymous_2)
DA:9,2
DA:19,2
DA:27,2
DA:31,2
DA:39,2
DA:44,2
DA:54,2
DA:56,11
DA:59,2
DA:67,11
DA:70,2
DA:73,11
LF:12
LH:12
BRF:0
BRH:0
end_of_record
TN:
SF:src/components/molecules/BuyFoodCard/buy-food-card.tsx
FN:17,(anonymous_0)
FNF:1
FNH:1
FNDA:11,(anonymous_0)
DA:17,2
DA:27,11
LF:2
LH:2
BRDA:30,0,0,0
BRDA:30,0,1,11
BRDA:31,1,0,0
BRDA:31,1,1,11
BRF:4
BRH:2
end_of_record
TN:
SF:src/components/molecules/BuyFoodCard/index.ts
FNF:0
FNH:0
LF:0
LH:0
BRF:0
BRH:0
end_of_record
TN:
SF:src/components/molecules/CartCard/cart-card.props.ts
FNF:0
FNH:0
LF:0
LH:0
BRF:0
BRH:0
end_of_record
TN:
SF:src/components/molecules/CartCard/cart-card.styles.ts
FN:17,(anonymous_0)
FN:91,(anonymous_1)
FNF:2
FNH:2
FNDA:35,(anonymous_0)
FNDA:35,(anonymous_1)
DA:7,3
DA:17,35
DA:22,3
DA:28,3
DA:33,3
DA:41,3
DA:45,3
DA:51,3
DA:60,3
DA:62,3
DA:69,3
DA:74,3
DA:89,3
DA:91,35
LF:14
LH:14
BRF:0
BRH:0
end_of_record
TN:
SF:src/components/molecules/CartCard/cart-card.tsx
FN:22,(anonymous_0)
FN:34,(anonymous_1)
FN:44,(anonymous_2)
FN:50,(anonymous_3)
FN:56,(anonymous_4)
FNF:5
FNH:5
FNDA:35,(anonymous_0)
FNDA:4,(anonymous_1)
FNDA:2,(anonymous_2)
FNDA:3,(anonymous_3)
FNDA:2,(anonymous_4)
DA:22,3
DA:31,35
DA:32,35
DA:34,35
DA:35,4
DA:36,1
DA:37,1
DA:40,3
DA:41,1
DA:44,2
DA:45,2
DA:46,2
DA:50,35
DA:51,3
DA:52,1
DA:53,1
DA:56,2
DA:57,2
DA:58,2
DA:62,35
LF:20
LH:20
BRDA:35,0,0,1
BRDA:35,0,1,3
BRDA:40,1,0,1
BRDA:40,1,1,2
BRDA:51,2,0,1
BRDA:51,2,1,2
BRDA:65,3,0,35
BRDA:65,3,1,0
BRDA:79,4,0,35
BRDA:79,4,1,2
BRDA:93,5,0,35
BRDA:93,5,1,34
BRF:12
BRH:11
end_of_record
TN:
SF:src/components/molecules/CartCard/index.ts
FNF:0
FNH:0
LF:0
LH:0
BRF:0
BRH:0
end_of_record
TN:
SF:src/components/molecules/Counter/counter.props.ts
FNF:0
FNH:0
LF:0
LH:0
BRF:0
BRH:0
end_of_record
TN:
SF:src/components/molecules/Counter/counter.styles.ts
FN:15,(anonymous_0)
FN:19,(anonymous_1)
FNF:2
FNH:2
FNDA:4,(anonymous_0)
FNDA:4,(anonymous_1)
DA:5,1
DA:15,4
DA:18,1
DA:19,4
LF:4
LH:4
BRF:0
BRH:0
end_of_record
TN:
SF:src/components/molecules/Counter/counter.tsx
FN:6,(anonymous_0)
FNF:1
FNH:1
FNDA:4,(anonymous_0)
DA:6,1
DA:7,4
LF:2
LH:2
BRF:0
BRH:0
end_of_record
TN:
SF:src/components/molecules/Counter/index.ts
FNF:0
FNH:0
LF:0
LH:0
BRF:0
BRH:0
end_of_record
TN:
SF:src/components/molecules/FoodDescription/food-description.props.ts
FNF:0
FNH:0
LF:0
LH:0
BRF:0
BRH:0
end_of_record
TN:
SF:src/components/molecules/FoodDescription/food-description.styles.ts
FNF:0
FNH:0
DA:5,0
DA:7,0
DA:12,0
LF:3
LH:0
BRF:0
BRH:0
end_of_record
TN:
SF:src/components/molecules/FoodDescription/food-description.tsx
FN:5,(anonymous_0)
FNF:1
FNH:0
FNDA:0,(anonymous_0)
DA:5,0
DA:12,0
LF:2
LH:0
BRF:0
BRH:0
end_of_record
TN:
SF:src/components/molecules/FoodDescription/index.ts
FNF:0
FNH:0
LF:0
LH:0
BRF:0
BRH:0
end_of_record
TN:
SF:src/components/molecules/HeaderImage/header-image.props.ts
FNF:0
FNH:0
LF:0
LH:0
BRF:0
BRH:0
end_of_record
TN:
SF:src/components/molecules/HeaderImage/header-image.styles.ts
FN:19,(anonymous_0)
FN:25,(anonymous_1)
FN:32,(anonymous_2)
FNF:3
FNH:3
FNDA:5,(anonymous_0)
FNDA:5,(anonymous_1)
FNDA:5,(anonymous_2)
DA:8,1
DA:12,1
DA:17,1
DA:19,5
DA:23,1
DA:25,5
DA:30,1
DA:32,5
DA:38,1
LF:9
LH:9
BRF:0
BRH:0
end_of_record
TN:
SF:src/components/molecules/HeaderImage/header-image.tsx
FN:15,(anonymous_0)
FN:18,handleNavigateLocation
FNF:2
FNH:2
FNDA:5,(anonymous_0)
FNDA:1,handleNavigateLocation
DA:15,1
DA:16,5
DA:19,1
DA:22,5
LF:4
LH:4
BRDA:32,0,0,5
BRDA:32,0,1,2
BRF:2
BRH:2
end_of_record
TN:
SF:src/components/molecules/HeaderImage/index.ts
FNF:0
FNH:0
LF:0
LH:0
BRF:0
BRH:0
end_of_record
TN:
SF:src/components/molecules/Input/index.ts
FNF:0
FNH:0
LF:0
LH:0
BRF:0
BRH:0
end_of_record
TN:
SF:src/components/molecules/Input/input.props.ts
FNF:0
FNH:0
LF:0
LH:0
BRF:0
BRH:0
end_of_record
TN:
SF:src/components/molecules/Input/input.styles.ts
FN:12,(anonymous_0)
FN:13,(anonymous_1)
FN:33,(anonymous_2)
FN:34,(anonymous_3)
FN:39,(anonymous_4)
FN:40,(anonymous_5)
FN:44,(anonymous_6)
FN:45,(anonymous_7)
FNF:8
FNH:0
FNDA:0,(anonymous_0)
FNDA:0,(anonymous_1)
FNDA:0,(anonymous_2)
FNDA:0,(anonymous_3)
FNDA:0,(anonymous_4)
FNDA:0,(anonymous_5)
FNDA:0,(anonymous_6)
FNDA:0,(anonymous_7)
DA:9,0
DA:11,0
DA:12,0
DA:14,0
DA:26,0
DA:31,0
DA:33,0
DA:34,0
DA:37,0
DA:39,0
DA:40,0
DA:43,0
DA:44,0
DA:46,0
LF:14
LH:0
BRDA:14,0,0,0
BRDA:14,0,1,0
BRDA:46,1,0,0
BRDA:46,1,1,0
BRF:4
BRH:0
end_of_record
TN:
SF:src/components/molecules/Input/input.tsx
FN:13,(anonymous_0)
FN:29,(anonymous_1)
FNF:2
FNH:0
FNDA:0,(anonymous_0)
FNDA:0,(anonymous_1)
DA:13,0
DA:22,0
DA:30,0
LF:3
LH:0
BRDA:32,0,0,0
BRDA:32,0,1,0
BRDA:53,1,0,0
BRDA:53,1,1,0
BRF:4
BRH:0
end_of_record
TN:
SF:src/components/molecules/Map/index.ts
FNF:0
FNH:0
LF:0
LH:0
BRF:0
BRH:0
end_of_record
TN:
SF:src/components/molecules/Map/map.props.ts
FNF:0
FNH:0
LF:0
LH:0
BRF:0
BRH:0
end_of_record
TN:
SF:src/components/molecules/Map/map.styles.ts
FN:21,(anonymous_0)
FN:32,(anonymous_1)
FNF:2
FNH:2
FNDA:4,(anonymous_0)
FNDA:4,(anonymous_1)
DA:6,1
DA:14,1
DA:21,4
DA:24,1
DA:32,4
LF:5
LH:5
BRF:0
BRH:0
end_of_record
TN:
SF:src/components/molecules/Map/map.tsx
FN:5,(anonymous_0)
FNF:1
FNH:1
FNDA:4,(anonymous_0)
DA:5,1
DA:6,4
LF:2
LH:2
BRDA:10,0,0,4
BRDA:10,0,1,0
BRDA:11,1,0,4
BRDA:11,1,1,0
BRF:4
BRH:2
end_of_record
TN:
SF:src/components/molecules/NutritionCard/index.ts
FNF:0
FNH:0
LF:0
LH:0
BRF:0
BRH:0
end_of_record
TN:
SF:src/components/molecules/NutritionCard/nutrition-card.props.ts
FNF:0
FNH:0
LF:0
LH:0
BRF:0
BRH:0
end_of_record
TN:
SF:src/components/molecules/NutritionCard/nutrition-card.styles.ts
FN:6,(anonymous_0)
FN:17,(anonymous_1)
FN:25,(anonymous_2)
FNF:3
FNH:3
FNDA:10,(anonymous_0)
FNDA:10,(anonymous_1)
FNDA:10,(anonymous_2)
DA:5,2
DA:6,10
DA:13,2
DA:17,10
DA:21,2
DA:25,10
LF:6
LH:6
BRF:0
BRH:0
end_of_record
TN:
SF:src/components/molecules/NutritionCard/nutrition-card.tsx
FN:5,(anonymous_0)
FNF:1
FNH:1
FNDA:10,(anonymous_0)
DA:5,2
DA:6,10
LF:2
LH:2
BRF:0
BRH:0
end_of_record
TN:
SF:src/components/molecules/OnboardingChef/index.ts
FNF:0
FNH:0
LF:0
LH:0
BRF:0
BRH:0
end_of_record
TN:
SF:src/components/molecules/OnboardingChef/onboarding-chef.props.ts
FNF:0
FNH:0
LF:0
LH:0
BRF:0
BRH:0
end_of_record
TN:
SF:src/components/molecules/OnboardingChef/onboarding-chef.styles.ts
FN:7,(anonymous_0)
FN:19,(anonymous_1)
FN:22,(anonymous_2)
FN:28,(anonymous_3)
FN:31,(anonymous_4)
FNF:5
FNH:5
FNDA:5,(anonymous_0)
FNDA:5,(anonymous_1)
FNDA:5,(anonymous_2)
FNDA:5,(anonymous_3)
FNDA:5,(anonymous_4)
DA:5,1
DA:7,5
DA:16,1
DA:19,5
DA:22,5
DA:25,1
DA:28,5
DA:31,5
LF:8
LH:8
BRF:0
BRH:0
end_of_record
TN:
SF:src/components/molecules/OnboardingChef/onboarding-chef.tsx
FN:7,(anonymous_0)
FNF:1
FNH:1
FNDA:5,(anonymous_0)
DA:7,1
DA:13,5
LF:2
LH:2
BRF:0
BRH:0
end_of_record
TN:
SF:src/components/molecules/RestaurantCard/index.ts
FNF:0
FNH:0
LF:0
LH:0
BRF:0
BRH:0
end_of_record
TN:
SF:src/components/molecules/RestaurantCard/restaurant-card.props.ts
FNF:0
FNH:0
LF:0
LH:0
BRF:0
BRH:0
end_of_record
TN:
SF:src/components/molecules/RestaurantCard/restaurant-card.styles.ts
FNF:0
FNH:0
DA:8,1
DA:17,1
DA:25,1
DA:27,1
DA:29,1
DA:31,1
LF:6
LH:6
BRF:0
BRH:0
end_of_record
TN:
SF:src/components/molecules/RestaurantCard/restaurant-card.tsx
FN:16,(anonymous_0)
FNF:1
FNH:1
FNDA:5,(anonymous_0)
DA:16,1
DA:25,5
LF:2
LH:2
BRDA:27,0,0,0
BRDA:27,0,1,5
BRF:2
BRH:1
end_of_record
TN:
SF:src/components/molecules/SearchAddress/index.ts
FNF:0
FNH:0
LF:0
LH:0
BRF:0
BRH:0
end_of_record
TN:
SF:src/components/molecules/SearchAddress/search-address.props.ts
FNF:0
FNH:0
LF:0
LH:0
BRF:0
BRH:0
end_of_record
TN:
SF:src/components/molecules/SearchAddress/search-address.styles.tsx
FNF:0
FNH:0
DA:5,0
DA:12,0
DA:16,0
LF:3
LH:0
BRF:0
BRH:0
end_of_record
TN:
SF:src/components/molecules/SearchAddress/search-address.tsx
FN:10,(anonymous_0)
FNF:1
FNH:0
FNDA:0,(anonymous_0)
DA:10,0
DA:14,0
LF:2
LH:0
BRF:0
BRH:0
end_of_record
TN:
SF:src/components/organisms/CartList/cart-list.props.ts
FNF:0
FNH:0
LF:0
LH:0
BRF:0
BRH:0
end_of_record
TN:
SF:src/components/organisms/CartList/cart-list.styles.ts
FNF:0
FNH:0
DA:5,2
DA:9,2
LF:2
LH:2
BRF:0
BRH:0
end_of_record
TN:
SF:src/components/organisms/CartList/cart-list.tsx
FN:8,(anonymous_0)
FN:12,(anonymous_1)
FN:13,(anonymous_2)
FN:20,(anonymous_3)
FNF:4
FNH:4
FNDA:8,(anonymous_0)
FNDA:16,(anonymous_1)
FNDA:16,(anonymous_2)
FNDA:2,(anonymous_3)
DA:8,2
DA:9,8
DA:12,16
DA:14,16
DA:20,2
LF:5
LH:5
BRF:0
BRH:0
end_of_record
TN:
SF:src/components/organisms/CartList/index.ts
FNF:0
FNH:0
LF:0
LH:0
BRF:0
BRH:0
end_of_record
TN:
SF:src/components/organisms/FoodColumnList/food-column-list.props.ts
FNF:0
FNH:0
LF:0
LH:0
BRF:0
BRH:0
end_of_record
TN:
SF:src/components/organisms/FoodColumnList/food-column-list.styles.ts
FNF:0
FNH:0
DA:6,1
DA:13,1
LF:2
LH:2
BRF:0
BRH:0
end_of_record
TN:
SF:src/components/organisms/FoodColumnList/food-column-list.tsx
FN:8,(anonymous_0)
FN:12,(anonymous_1)
FN:14,(anonymous_2)
FN:20,(anonymous_3)
FNF:4
FNH:4
FNDA:6,(anonymous_0)
FNDA:6,(anonymous_1)
FNDA:6,(anonymous_2)
FNDA:1,(anonymous_3)
DA:8,1
DA:9,6
DA:12,6
DA:15,6
DA:20,1
LF:5
LH:5
BRF:0
BRH:0
end_of_record
TN:
SF:src/components/organisms/FoodColumnList/index.ts
FNF:0
FNH:0
LF:0
LH:0
BRF:0
BRH:0
end_of_record
TN:
SF:src/components/organisms/FoodHeader/food-header.props.ts
FNF:0
FNH:0
LF:0
LH:0
BRF:0
BRH:0
end_of_record
TN:
SF:src/components/organisms/FoodHeader/food-header.styles.ts
FNF:0
FNH:0
DA:5,1
DA:7,1
DA:14,1
LF:3
LH:3
BRF:0
BRH:0
end_of_record
TN:
SF:src/components/organisms/FoodHeader/food-header.tsx
FN:8,(anonymous_0)
FN:17,(anonymous_1)
FNF:2
FNH:2
FNDA:4,(anonymous_0)
FNDA:1,(anonymous_1)
DA:8,1
DA:14,4
DA:17,1
LF:3
LH:3
BRDA:23,0,0,0
BRDA:23,0,1,4
BRF:2
BRH:1
end_of_record
TN:
SF:src/components/organisms/FoodHeader/index.ts
FNF:0
FNH:0
LF:0
LH:0
BRF:0
BRH:0
end_of_record
TN:
SF:src/components/organisms/Form/form.props.ts
FNF:0
FNH:0
LF:0
LH:0
BRF:0
BRH:0
end_of_record
TN:
SF:src/components/organisms/Form/form.styles.ts
FNF:0
FNH:0
DA:7,0
DA:16,0
DA:23,0
LF:3
LH:0
BRF:0
BRH:0
end_of_record
TN:
SF:src/components/organisms/Form/form.tsx
FN:7,(anonymous_0)
FN:20,(anonymous_1)
FN:22,(anonymous_2)
FNF:3
FNH:0
FNDA:0,(anonymous_0)
FNDA:0,(anonymous_1)
FNDA:0,(anonymous_2)
DA:7,0
DA:14,0
DA:20,0
DA:22,0
LF:4
LH:0
BRF:0
BRH:0
end_of_record
TN:
SF:src/components/organisms/Form/index.ts
FNF:0
FNH:0
LF:0
LH:0
BRF:0
BRH:0
end_of_record
TN:
SF:src/components/organisms/NutritionInfo/index.ts
FNF:0
FNH:0
LF:0
LH:0
BRF:0
BRH:0
end_of_record
TN:
SF:src/components/organisms/NutritionInfo/nutrition-info.props.ts
FNF:0
FNH:0
LF:0
LH:0
BRF:0
BRH:0
end_of_record
TN:
SF:src/components/organisms/NutritionInfo/nutrition-info.styles.ts
FNF:0
FNH:0
DA:5,1
DA:12,1
LF:2
LH:2
BRF:0
BRH:0
end_of_record
TN:
SF:src/components/organisms/NutritionInfo/nutrition-info.tsx
FN:7,(anonymous_0)
FNF:1
FNH:1
FNDA:2,(anonymous_0)
DA:7,1
DA:8,2
LF:2
LH:2
BRF:0
BRH:0
end_of_record
TN:
SF:src/components/organisms/RestaurantList/index.tsx
FN:7,(anonymous_0)
FN:10,handleNavigatoToDrawer
FN:17,(anonymous_2)
FN:18,(anonymous_3)
FN:23,(anonymous_4)
FNF:5
FNH:0
FNDA:0,(anonymous_0)
FNDA:0,handleNavigatoToDrawer
FNDA:0,(anonymous_2)
FNDA:0,(anonymous_3)
FNDA:0,(anonymous_4)
DA:7,0
DA:8,0
DA:11,0
DA:14,0
DA:17,0
DA:19,0
DA:23,0
LF:7
LH:0
BRF:0
BRH:0
end_of_record
TN:
SF:src/components/organisms/RestaurantList/props.ts
FNF:0
FNH:0
LF:0
LH:0
BRF:0
BRH:0
end_of_record
TN:
SF:src/components/organisms/RestaurantList/styles.ts
FNF:0
FNH:0
DA:5,0
LF:1
LH:0
BRF:0
BRH:0
end_of_record
TN:
SF:src/components/templates/CartTemplate/cart-template.props.ts
FNF:0
FNH:0
LF:0
LH:0
BRF:0
BRH:0
end_of_record
TN:
SF:src/components/templates/CartTemplate/cart-template.styles.ts
FNF:0
FNH:0
DA:3,1
LF:1
LH:1
BRF:0
BRH:0
end_of_record
TN:
SF:src/components/templates/CartTemplate/cart-template.tsx
FN:6,(anonymous_0)
FNF:1
FNH:1
FNDA:4,(anonymous_0)
DA:6,1
DA:7,4
LF:2
LH:2
BRF:0
BRH:0
end_of_record
TN:
SF:src/components/templates/CartTemplate/index.ts
FNF:0
FNH:0
LF:0
LH:0
BRF:0
BRH:0
end_of_record
TN:
SF:src/components/templates/FoodTemplate/food-template.props.ts
FNF:0
FNH:0
LF:0
LH:0
BRF:0
BRH:0
end_of_record
TN:
SF:src/components/templates/FoodTemplate/food-template.styles.ts
FN:18,(anonymous_0)
FN:32,(anonymous_1)
FNF:2
FNH:0
FNDA:0,(anonymous_0)
FNDA:0,(anonymous_1)
DA:7,0
DA:17,0
DA:18,0
DA:22,0
DA:30,0
DA:32,0
DA:35,0
LF:7
LH:0
BRF:0
BRH:0
end_of_record
TN:
SF:src/components/templates/FoodTemplate/food-template.tsx
FN:20,(anonymous_0)
FNF:1
FNH:0
FNDA:0,(anonymous_0)
DA:20,0
DA:34,0
DA:62,0
LF:3
LH:0
BRF:0
BRH:0
end_of_record
TN:
SF:src/components/templates/FoodTemplate/index.ts
FNF:0
FNH:0
LF:0
LH:0
BRF:0
BRH:0
end_of_record
TN:
SF:src/components/templates/FoodsTemplate/index.tsx
FN:7,(anonymous_0)
FNF:1
FNH:0
FNDA:0,(anonymous_0)
DA:7,0
DA:12,0
LF:2
LH:0
BRF:0
BRH:0
end_of_record
TN:
SF:src/components/templates/FoodsTemplate/props.ts
FNF:0
FNH:0
LF:0
LH:0
BRF:0
BRH:0
end_of_record
TN:
SF:src/components/templates/FoodsTemplate/styles.ts
FN:5,(anonymous_0)
FNF:1
FNH:0
FNDA:0,(anonymous_0)
DA:3,0
DA:5,0
LF:2
LH:0
BRF:0
BRH:0
end_of_record
TN:
SF:src/components/templates/LocationTemplate/index.ts
FNF:0
FNH:0
LF:0
LH:0
BRF:0
BRH:0
end_of_record
TN:
SF:src/components/templates/LocationTemplate/location-template.props.ts
FNF:0
FNH:0
LF:0
LH:0
BRF:0
BRH:0
end_of_record
TN:
SF:src/components/templates/LocationTemplate/location-template.styles.ts
FNF:0
FNH:0
DA:5,0
DA:9,0
DA:13,0
DA:20,0
LF:4
LH:0
BRF:0
BRH:0
end_of_record
TN:
SF:src/components/templates/LocationTemplate/location-template.tsx
FN:12,(anonymous_0)
FN:22,renderInputRow
FN:43,(anonymous_2)
FN:44,(anonymous_3)
FN:50,(anonymous_4)
FNF:5
FNH:0
FNDA:0,(anonymous_0)
FNDA:0,renderInputRow
FNDA:0,(anonymous_2)
FNDA:0,(anonymous_3)
FNDA:0,(anonymous_4)
DA:12,0
DA:23,0
DA:33,0
DA:43,0
DA:45,0
DA:51,0
LF:6
LH:0
BRDA:40,0,0,0
BRDA:40,0,1,0
BRDA:61,1,0,0
BRDA:61,1,1,0
BRDA:61,1,2,0
BRDA:61,1,3,0
BRDA:61,1,4,0
BRF:7
BRH:0
end_of_record
TN:
SF:src/components/templates/RestaurantsTemplate/index.tsx
FN:7,(anonymous_0)
FNF:1
FNH:0
FNDA:0,(anonymous_0)
DA:7,0
DA:11,0
LF:2
LH:0
BRF:0
BRH:0
end_of_record
TN:
SF:src/components/templates/RestaurantsTemplate/props.ts
FNF:0
FNH:0
LF:0
LH:0
BRF:0
BRH:0
end_of_record
TN:
SF:src/components/templates/RestaurantsTemplate/styles.ts
FNF:0
FNH:0
DA:3,0
LF:1
LH:0
BRF:0
BRH:0
end_of_record
TN:
SF:src/hooks/useNavigate.ts
FN:4,useNavigate
FNF:1
FNH:1
FNDA:5,useNavigate
DA:6,5
DA:8,5
LF:2
LH:2
BRF:0
BRH:0
end_of_record
TN:
SF:src/screens/Cart/cart.props.ts
FNF:0
FNH:0
LF:0
LH:0
BRF:0
BRH:0
end_of_record
TN:
SF:src/screens/Cart/cart.styles.ts
FNF:0
FNH:0
DA:3,0
LF:1
LH:0
BRF:0
BRH:0
end_of_record
TN:
SF:src/screens/Cart/cart.tsx
FN:7,(anonymous_0)
FN:12,(anonymous_1)
FN:17,(anonymous_2)
FNF:3
FNH:0
FNDA:0,(anonymous_0)
FNDA:0,(anonymous_1)
FNDA:0,(anonymous_2)
DA:7,0
DA:10,0
DA:12,0
DA:13,0
DA:16,0
DA:18,0
DA:23,0
DA:25,0
LF:8
LH:0
BRF:0
BRH:0
end_of_record
TN:
SF:src/screens/Cart/index.ts
FNF:0
FNH:0
LF:0
LH:0
BRF:0
BRH:0
end_of_record
TN:
SF:src/screens/Food/food.props.ts
FNF:0
FNH:0
LF:0
LH:0
BRF:0
BRH:0
end_of_record
TN:
SF:src/screens/Food/food.styles.ts
FNF:0
FNH:0
DA:3,0
DA:7,0
LF:2
LH:0
BRF:0
BRH:0
end_of_record
TN:
SF:src/screens/Food/food.tsx
FN:16,(anonymous_0)
FN:31,(anonymous_1)
FN:50,handleChangeCounter
FN:52,(anonymous_3)
FN:56,(anonymous_4)
FN:66,handleGoBack
FN:88,(anonymous_6)
FN:89,(anonymous_7)
FNF:8
FNH:0
FNDA:0,(anonymous_0)
FNDA:0,(anonymous_1)
FNDA:0,handleChangeCounter
FNDA:0,(anonymous_3)
FNDA:0,(anonymous_4)
FNDA:0,handleGoBack
FNDA:0,(anonymous_6)
FNDA:0,(anonymous_7)
DA:16,0
DA:17,0
DA:18,0
DA:19,0
DA:20,0
DA:22,0
DA:23,0
DA:25,0
DA:31,0
DA:32,0
DA:33,0
DA:40,0
DA:43,0
DA:46,0
DA:47,0
DA:51,0
DA:52,0
DA:53,0
DA:54,0
DA:56,0
DA:57,0
DA:58,0
DA:61,0
DA:67,0
DA:70,0
DA:88,0
DA:89,0
LF:27
LH:0
BRDA:32,0,0,0
BRDA:32,0,1,0
BRDA:46,1,0,0
BRDA:46,1,1,0
BRDA:51,2,0,0
BRDA:51,2,1,0
BRDA:53,3,0,0
BRDA:53,3,1,0
BRDA:57,4,0,0
BRDA:57,4,1,0
BRF:10
BRH:0
end_of_record
TN:
SF:src/screens/Food/index.ts
FNF:0
FNH:0
LF:0
LH:0
BRF:0
BRH:0
end_of_record
TN:
SF:src/screens/Home/home.props.ts
FNF:0
FNH:0
LF:0
LH:0
BRF:0
BRH:0
end_of_record
TN:
SF:src/screens/Home/home.styles.ts
FNF:0
FNH:0
DA:3,0
LF:1
LH:0
BRF:0
BRH:0
end_of_record
TN:
SF:src/screens/Home/home.tsx
FN:11,(anonymous_0)
FN:28,handleGoFood
FNF:2
FNH:0
FNDA:0,(anonymous_0)
FNDA:0,handleGoFood
DA:11,0
DA:14,0
DA:16,0
DA:17,0
DA:18,0
DA:20,0
DA:29,0
DA:32,0
LF:8
LH:0
BRDA:34,0,0,0
BRDA:34,0,1,0
BRF:2
BRH:0
end_of_record
TN:
SF:src/screens/Home/index.ts
FNF:0
FNH:0
LF:0
LH:0
BRF:0
BRH:0
end_of_record
TN:
SF:src/screens/Landing/index.ts
FNF:0
FNH:0
LF:0
LH:0
BRF:0
BRH:0
end_of_record
TN:
SF:src/screens/Landing/landing.props.ts
FNF:0
FNH:0
LF:0
LH:0
BRF:0
BRH:0
end_of_record
TN:
SF:src/screens/Landing/landing.styles.ts
FNF:0
FNH:0
DA:3,0
DA:5,0
LF:2
LH:0
BRF:0
BRH:0
end_of_record
TN:
SF:src/screens/Landing/landing.tsx
FN:9,(anonymous_0)
FN:12,handleGoSignIn
FNF:2
FNH:0
FNDA:0,(anonymous_0)
FNDA:0,handleGoSignIn
DA:9,0
DA:10,0
DA:13,0
DA:16,0
LF:4
LH:0
BRF:0
BRH:0
end_of_record
TN:
SF:src/screens/Location/index.ts
FNF:0
FNH:0
LF:0
LH:0
BRF:0
BRH:0
end_of_record
TN:
SF:src/screens/Location/location.props.ts
FNF:0
FNH:0
LF:0
LH:0
BRF:0
BRH:0
end_of_record
TN:
SF:src/screens/Location/location.tsx
FN:25,(anonymous_0)
FN:46,(anonymous_1)
FN:52,(anonymous_2)
FN:53,(anonymous_3)
FN:86,(anonymous_4)
FN:108,onRegionChange
FN:115,handlePressCard
FN:122,(anonymous_7)
FNF:8
FNH:0
FNDA:0,(anonymous_0)
FNDA:0,(anonymous_1)
FNDA:0,(anonymous_2)
FNDA:0,(anonymous_3)
FNDA:0,(anonymous_4)
FNDA:0,onRegionChange
FNDA:0,handlePressCard
FNDA:0,(anonymous_7)
DA:25,0
DA:35,0
DA:37,0
DA:38,0
DA:39,0
DA:44,0
DA:46,0
DA:47,0
DA:48,0
DA:52,0
DA:53,0
DA:54,0
DA:55,0
DA:56,0
DA:57,0
DA:61,0
DA:62,0
DA:65,0
DA:67,0
DA:73,0
DA:82,0
DA:86,0
DA:87,0
DA:88,0
DA:89,0
DA:100,0
DA:102,0
DA:104,0
DA:109,0
DA:116,0
DA:117,0
DA:118,0
DA:119,0
DA:122,0
DA:123,0
DA:124,0
DA:125,0
DA:126,0
DA:128,0
DA:132,0
LF:40
LH:0
BRDA:40,0,0,0
BRDA:40,0,1,0
BRDA:41,1,0,0
BRDA:41,1,1,0
BRDA:42,2,0,0
BRDA:42,2,1,0
BRDA:47,3,0,0
BRDA:47,3,1,0
BRDA:54,4,0,0
BRDA:54,4,1,0
BRDA:54,5,0,0
BRDA:54,5,1,0
BRDA:56,6,0,0
BRDA:56,6,1,0
BRDA:56,7,0,0
BRDA:56,7,1,0
BRDA:56,7,2,0
BRDA:56,7,3,0
BRDA:123,8,0,0
BRDA:123,8,1,0
BRDA:151,9,0,0
BRDA:151,9,1,0
BRF:22
BRH:0
end_of_record
TN:
SF:src/screens/Restaurants/index.ts
FNF:0
FNH:0
LF:0
LH:0
BRF:0
BRH:0
end_of_record
TN:
SF:src/screens/Restaurants/restaurants.tsx
FN:9,(anonymous_0)
FNF:1
FNH:0
FNDA:0,(anonymous_0)
DA:9,0
DA:12,0
DA:13,0
DA:24,0
LF:4
LH:0
BRDA:30,0,0,0
BRDA:30,0,1,0
BRF:2
BRH:0
end_of_record
TN:
SF:src/screens/SignIn/index.ts
FNF:0
FNH:0
LF:0
LH:0
BRF:0
BRH:0
end_of_record
TN:
SF:src/screens/SignIn/sign-in.props.ts
FNF:0
FNH:0
LF:0
LH:0
BRF:0
BRH:0
end_of_record
TN:
SF:src/screens/SignIn/sign-in.styles.ts
FNF:0
FNH:0
DA:5,0
DA:12,0
LF:2
LH:0
BRF:0
BRH:0
end_of_record
TN:
SF:src/screens/SignIn/sign-in.tsx
FN:17,(anonymous_0)
FN:28,handleGoSignIn
FN:42,handleGoSignUp
FNF:3
FNH:0
FNDA:0,(anonymous_0)
FNDA:0,handleGoSignIn
FNDA:0,handleGoSignUp
DA:17,0
DA:18,0
DA:19,0
DA:24,0
DA:29,0
DA:30,0
DA:31,0
DA:32,0
DA:34,0
DA:36,0
DA:38,0
DA:43,0
DA:46,0
DA:70,0
LF:14
LH:0
BRDA:83,0,0,0
BRDA:83,0,1,0
BRF:2
BRH:0
end_of_record
TN:
SF:src/screens/SignUp/index.ts
FNF:0
FNH:0
LF:0
LH:0
BRF:0
BRH:0
end_of_record
TN:
SF:src/screens/SignUp/sign-up.props.ts
FNF:0
FNH:0
LF:0
LH:0
BRF:0
BRH:0
end_of_record
TN:
SF:src/screens/SignUp/sign-up.styles.ts
FNF:0
FNH:0
DA:5,0
DA:12,0
LF:2
LH:0
BRF:0
BRH:0
end_of_record
TN:
SF:src/screens/SignUp/sign-up.tsx
FN:17,(anonymous_0)
FN:28,handleGoSignIn
FN:42,handleGoBack
FNF:3
FNH:0
FNDA:0,(anonymous_0)
FNDA:0,handleGoSignIn
FNDA:0,handleGoBack
DA:17,0
DA:18,0
DA:19,0
DA:24,0
DA:29,0
DA:30,0
DA:31,0
DA:32,0
DA:34,0
DA:36,0
DA:38,0
DA:43,0
DA:46,0
DA:91,0
LF:14
LH:0
BRDA:104,0,0,0
BRDA:104,0,1,0
BRF:2
BRH:0
end_of_record
TN:
SF:src/store/cart.ts
FN:36,(anonymous_0)
FN:37,(anonymous_1)
FN:41,(anonymous_2)
FN:42,(anonymous_3)
FN:43,(anonymous_4)
FN:53,(anonymous_5)
FN:57,(anonymous_6)
FN:61,(anonymous_7)
FN:65,(anonymous_8)
FN:73,(anonymous_9)
FNF:10
FNH:9
FNDA:8,(anonymous_0)
FNDA:5,(anonymous_1)
FNDA:8,(anonymous_2)
FNDA:3,(anonymous_3)
FNDA:6,(anonymous_4)
FNDA:2,(anonymous_5)
FNDA:1,(anonymous_6)
FNDA:1,(anonymous_7)
FNDA:0,(anonymous_8)
FNDA:6,(anonymous_9)
DA:6,4
DA:27,4
DA:32,4
DA:36,8
DA:38,5
DA:41,8
DA:43,3
DA:44,6
DA:50,3
DA:51,3
DA:54,2
DA:55,2
DA:58,1
DA:59,1
DA:62,1
DA:63,1
DA:66,0
DA:67,0
DA:69,0
DA:71,0
DA:74,6
DA:76,6
DA:77,6
DA:80,0
DA:81,0
LF:25
LH:19
BRDA:67,0,0,0
BRDA:67,0,1,0
BRDA:76,1,0,6
BRDA:76,1,1,0
BRF:4
BRH:1
end_of_record
TN:
SF:src/store/food.ts
FN:7,(anonymous_0)
FN:8,(anonymous_1)
FN:11,(anonymous_2)
FN:18,(anonymous_3)
FNF:4
FNH:4
FNDA:6,(anonymous_0)
FNDA:1,(anonymous_1)
FNDA:2,(anonymous_2)
FNDA:1,(anonymous_3)
DA:3,4
DA:7,6
DA:9,1
DA:12,2
DA:13,1
DA:15,1
DA:19,1
LF:7
LH:7
BRDA:12,0,0,1
BRDA:12,0,1,1
BRF:2
BRH:2
end_of_record
TN:
SF:src/store/index.ts
FN:20,(anonymous_0)
FN:21,(anonymous_1)
FN:24,(anonymous_2)
FN:27,(anonymous_3)
FN:41,(anonymous_4)
FN:44,(anonymous_5)
FNF:6
FNH:1
FNDA:3,(anonymous_0)
FNDA:0,(anonymous_1)
FNDA:0,(anonymous_2)
FNDA:0,(anonymous_3)
FNDA:0,(anonymous_4)
FNDA:0,(anonymous_5)
DA:11,3
DA:20,3
DA:22,0
DA:25,0
DA:28,0
DA:29,0
DA:30,0
DA:32,0
DA:34,0
DA:35,0
DA:36,0
DA:38,0
DA:42,0
DA:45,0
DA:46,0
DA:47,0
DA:48,0
DA:49,0
DA:52,0
DA:54,0
DA:56,0
DA:57,0
DA:58,0
DA:59,0
DA:60,0
DA:63,0
DA:64,0
DA:65,0
DA:66,0
DA:67,0
DA:69,0
DA:70,0
DA:76,3
LF:33
LH:3
BRDA:56,0,0,0
BRDA:56,0,1,0
BRDA:63,1,0,0
BRDA:63,1,1,0
BRDA:63,2,0,0
BRDA:63,2,1,0
BRDA:63,2,2,0
BRDA:67,3,0,0
BRDA:67,3,1,0
BRDA:69,4,0,0
BRDA:69,4,1,0
BRF:11
BRH:0
end_of_record
TN:
SF:src/store/location.ts
FN:12,(anonymous_0)
FN:13,(anonymous_1)
FN:29,(anonymous_2)
FNF:3
FNH:0
FNDA:0,(anonymous_0)
FNDA:0,(anonymous_1)
FNDA:0,(anonymous_2)
DA:5,3
DA:12,0
DA:14,0
DA:20,0
DA:21,0
DA:22,0
DA:24,0
DA:30,0
DA:32,0
LF:9
LH:1
BRDA:15,0,0,0
BRDA:15,0,1,0
BRDA:16,1,0,0
BRDA:16,1,1,0
BRDA:17,2,0,0
BRDA:17,2,1,0
BRF:6
BRH:0
end_of_record
TN:
SF:src/store/user.ts
FNF:0
FNH:0
DA:3,3
LF:1
LH:1
BRF:0
BRH:0
end_of_record
TN:
SF:src/store/helpers/nullOrUndefined.ts
FN:3,nullOrUndefined
FNF:1
FNH:1
FNDA:20,nullOrUndefined
DA:4,20
LF:1
LH:1
BRF:0
BRH:0
end_of_record
TN:
SF:src/test/mocks/index.ts
FNF:0
FNH:0
DA:15,15
LF:1
LH:1
BRF:0
BRH:0
end_of_record
TN:
SF:src/test/mocks/components/molecules/address-card.mock.ts
FNF:0
FNH:0
DA:1,15
LF:1
LH:1
BRF:0
BRH:0
end_of_record
TN:
SF:src/test/mocks/components/molecules/buy-food-card.mock.ts
FNF:0
FNH:0
DA:1,15
LF:1
LH:1
BRF:0
BRH:0
end_of_record
TN:
SF:src/test/mocks/components/molecules/cart-card.mock.ts
FNF:0
FNH:0
DA:1,15
LF:1
LH:1
BRF:0
BRH:0
end_of_record
TN:
SF:src/test/mocks/components/molecules/header-image.mock.ts
FNF:0
FNH:0
DA:1,15
LF:1
LH:1
BRF:0
BRH:0
end_of_record
TN:
SF:src/test/mocks/components/molecules/map.mock.tsx
FNF:0
FNH:0
DA:1,15
LF:1
LH:1
BRF:0
BRH:0
end_of_record
TN:
SF:src/test/mocks/components/molecules/nutrition-card.mock.ts
FNF:0
FNH:0
DA:1,15
LF:1
LH:1
BRF:0
BRH:0
end_of_record
TN:
SF:src/test/mocks/components/molecules/restaurant-card.mock.ts
FNF:0
FNH:0
DA:1,15
LF:1
LH:1
BRF:0
BRH:0
end_of_record
TN:
SF:src/test/mocks/components/organisms/cart-list.mock.ts
FNF:0
FNH:0
DA:9,15
LF:1
LH:1
BRF:0
BRH:0
end_of_record
TN:
SF:src/test/mocks/components/organisms/food-column-list.mock.ts
FNF:0
FNH:0
DA:3,15
LF:1
LH:1
BRF:0
BRH:0
end_of_record
TN:
SF:src/test/mocks/components/organisms/food-header.mock.ts
FNF:0
FNH:0
DA:1,15
LF:1
LH:1
BRF:0
BRH:0
end_of_record
TN:
SF:src/test/mocks/store/cart.mock.ts
FNF:0
FNH:0
DA:3,15
LF:1
LH:1
BRF:0
BRH:0
end_of_record
TN:
SF:src/test/mocks/validators/location-validator.mock.ts
FNF:0
FNH:0
DA:1,15
LF:1
LH:1
BRF:0
BRH:0
end_of_record
TN:
SF:src/test/mocks/validators/login-validator.mock.ts
FNF:0
FNH:0
DA:1,15
LF:1
LH:1
BRF:0
BRH:0
end_of_record
TN:
SF:src/test/utils/test-utils.tsx
FN:11,(anonymous_0)
FN:19,(anonymous_1)
FNF:2
FNH:2
FNDA:113,(anonymous_0)
FNDA:113,(anonymous_1)
DA:11,29
DA:12,113
DA:19,29
DA:20,113
LF:4
LH:4
BRF:0
BRH:0
end_of_record
TN:
SF:src/theme/index.ts
FNF:0
FNH:0
LF:0
LH:0
BRF:0
BRH:0
end_of_record
TN:
SF:src/theme/styled.d.ts
FNF:0
FNH:0
LF:0
LH:0
BRF:0
BRH:0
end_of_record
TN:
SF:src/types/navigation.ts
FNF:0
FNH:0
LF:0
LH:0
BRF:0
BRH:0
end_of_record
TN:
SF:src/validators/location-validator.ts
FNF:0
FNH:0
DA:5,1
LF:1
LH:1
BRF:0
BRH:0
end_of_record
TN:
SF:src/validators/login-validators.ts
FNF:0
FNH:0
DA:5,1
LF:1
LH:1
BRF:0
BRH:0
end_of_record
TN:
SF:src/validators/register-validator.ts
FNF:0
FNH:0
DA:5,0
LF:1
LH:0
BRF:0
BRH:0
end_of_record
